TN:
SF:/Users/johns/Projects/Node.js/molti/src/Application.js
FN:9,(anonymous_0)
FN:20,(anonymous_1)
FN:50,(anonymous_2)
FN:57,(anonymous_3)
FN:60,(anonymous_4)
FN:63,(anonymous_5)
FN:66,(anonymous_6)
FN:69,(anonymous_7)
FN:72,(anonymous_8)
FNF:9
FNH:6
FNDA:0,(anonymous_0)
FNDA:6,(anonymous_1)
FNDA:0,(anonymous_2)
FNDA:1,(anonymous_3)
FNDA:1,(anonymous_4)
FNDA:1,(anonymous_5)
FNDA:1,(anonymous_6)
FNDA:1,(anonymous_7)
FNDA:0,(anonymous_8)
DA:1,1
DA:2,1
DA:3,1
DA:4,1
DA:5,1
DA:6,1
DA:9,1
DA:10,0
DA:21,6
DA:37,6
DA:39,6
DA:40,6
DA:41,6
DA:42,6
DA:43,6
DA:44,6
DA:45,6
DA:46,6
DA:47,6
DA:48,6
DA:49,6
DA:50,6
DA:51,0
DA:53,6
DA:55,6
DA:57,6
DA:61,1
DA:64,1
DA:67,1
DA:70,1
DA:73,0
DA:77,1
LF:32
LH:29
BRDA:20,0,0,0
BRDA:24,1,0,5
BRDA:25,2,0,1
BRDA:26,3,0,6
BRDA:27,4,0,1
BRDA:28,5,0,6
BRDA:29,6,0,6
BRDA:30,7,0,6
BRDA:31,8,0,6
BRDA:32,9,0,6
BRDA:33,10,0,6
BRDA:34,11,0,6
BRDA:35,12,0,6
BRDA:36,13,0,6
BRF:14
BRH:13
end_of_record
TN:
SF:/Users/johns/Projects/Node.js/molti/src/Controller.js
FN:14,(anonymous_0)
FN:29,(anonymous_1)
FN:34,(anonymous_2)
FN:37,(anonymous_3)
FN:39,(anonymous_4)
FN:52,(anonymous_5)
FN:66,(anonymous_6)
FN:80,(anonymous_7)
FN:81,(anonymous_8)
FN:89,(anonymous_9)
FN:93,(anonymous_10)
FN:97,(anonymous_11)
FN:101,(anonymous_12)
FN:105,(anonymous_13)
FN:117,(anonymous_14)
FN:118,(anonymous_15)
FN:122,(anonymous_16)
FN:123,(anonymous_17)
FNF:18
FNH:18
FNDA:17,(anonymous_0)
FNDA:1,(anonymous_1)
FNDA:1,(anonymous_2)
FNDA:1,(anonymous_3)
FNDA:1,(anonymous_4)
FNDA:3,(anonymous_5)
FNDA:1,(anonymous_6)
FNDA:1,(anonymous_7)
FNDA:1,(anonymous_8)
FNDA:1,(anonymous_9)
FNDA:1,(anonymous_10)
FNDA:1,(anonymous_11)
FNDA:1,(anonymous_12)
FNDA:1,(anonymous_13)
FNDA:1,(anonymous_14)
FNDA:2,(anonymous_15)
FNDA:2,(anonymous_16)
FNDA:2,(anonymous_17)
DA:2,1
DA:3,1
DA:15,17
DA:16,17
DA:17,17
DA:18,17
DA:19,17
DA:20,17
DA:21,17
DA:22,17
DA:23,17
DA:25,17
DA:26,1
DA:29,17
DA:30,1
DA:35,1
DA:36,1
DA:39,1
DA:41,1
DA:43,1
DA:53,3
DA:54,3
DA:55,3
DA:56,1
DA:59,3
DA:60,1
DA:63,3
DA:67,1
DA:69,1
DA:70,1
DA:73,1
DA:74,1
DA:77,1
DA:80,1
DA:82,1
DA:83,1
DA:86,1
DA:87,1
DA:90,1
DA:91,1
DA:94,1
DA:95,1
DA:98,1
DA:99,1
DA:102,1
DA:103,1
DA:106,1
DA:107,1
DA:118,1
DA:119,2
DA:120,2
DA:121,2
DA:122,2
DA:123,2
DA:125,2
DA:126,1
DA:129,1
DA:134,1
LF:58
LH:58
BRDA:14,0,0,1
BRDA:14,1,0,1
BRDA:14,2,0,1
BRDA:14,3,0,16
BRDA:14,4,0,15
BRDA:14,5,0,10
BRDA:25,6,0,1
BRDA:25,6,1,16
BRDA:55,7,0,1
BRDA:55,7,1,2
BRDA:59,8,0,1
BRDA:59,8,1,2
BRDA:73,9,0,1
BRDA:125,10,0,1
BRDA:125,10,1,1
BRF:15
BRH:15
end_of_record
TN:
SF:/Users/johns/Projects/Node.js/molti/src/DocsRouter.js
FN:5,(anonymous_0)
FN:10,(anonymous_1)
FN:14,(anonymous_2)
FN:34,(anonymous_3)
FNF:4
FNH:1
FNDA:6,(anonymous_0)
FNDA:0,(anonymous_1)
FNDA:0,(anonymous_2)
FNDA:0,(anonymous_3)
DA:1,1
DA:2,1
DA:3,1
DA:5,1
DA:6,6
DA:8,6
DA:10,6
DA:11,0
DA:14,6
DA:15,0
DA:34,0
DA:35,0
DA:36,0
DA:38,0
DA:40,6
LF:15
LH:9
BRDA:18,0,0,0
BRDA:18,0,1,0
BRDA:19,1,0,0
BRDA:19,1,1,0
BRDA:20,2,0,0
BRDA:20,2,1,0
BRDA:22,3,0,0
BRDA:22,3,1,0
BRDA:23,4,0,0
BRDA:23,4,1,0
BRDA:27,5,0,0
BRDA:27,5,1,0
BRDA:28,6,0,0
BRDA:28,6,1,0
BRF:14
BRH:0
end_of_record
TN:
SF:/Users/johns/Projects/Node.js/molti/src/Handler.js
FN:34,(anonymous_0)
FN:63,(anonymous_1)
FN:67,(anonymous_2)
FN:68,(anonymous_3)
FN:71,(anonymous_4)
FN:72,(anonymous_5)
FN:76,(anonymous_6)
FN:80,(anonymous_7)
FNF:8
FNH:8
FNDA:7,(anonymous_0)
FNDA:1,(anonymous_1)
FNDA:4,(anonymous_2)
FNDA:4,(anonymous_3)
FNDA:1,(anonymous_4)
FNDA:1,(anonymous_5)
FNDA:1,(anonymous_6)
FNDA:2,(anonymous_7)
DA:1,1
DA:2,1
DA:3,1
DA:35,7
DA:36,1
DA:38,6
DA:39,1
DA:51,5
DA:53,5
DA:54,5
DA:55,5
DA:56,5
DA:57,5
DA:58,5
DA:59,5
DA:60,5
DA:64,1
DA:68,4
DA:69,4
DA:70,4
DA:71,1
DA:72,1
DA:74,4
DA:75,1
DA:76,1
DA:79,3
DA:81,2
DA:82,2
DA:85,3
DA:87,3
DA:88,3
DA:89,3
DA:90,2
DA:91,1
DA:93,1
DA:96,1
DA:103,1
LF:37
LH:37
BRDA:35,0,0,1
BRDA:35,0,1,6
BRDA:38,1,0,1
BRDA:38,1,1,5
BRDA:43,2,0,5
BRDA:44,3,0,5
BRDA:45,4,0,5
BRDA:46,5,0,1
BRDA:47,6,0,1
BRDA:49,7,0,5
BRDA:50,8,0,5
BRDA:74,9,0,1
BRDA:74,9,1,3
BRDA:81,10,0,2
BRDA:81,10,1,1
BRDA:90,11,0,1
BRDA:90,11,1,1
BRF:17
BRH:17
end_of_record
TN:
SF:/Users/johns/Projects/Node.js/molti/src/HandlerUtil.js
FN:2,(anonymous_0)
FNF:1
FNH:1
FNDA:3,(anonymous_0)
DA:3,3
DA:4,3
DA:5,3
DA:6,3
DA:10,1
LF:5
LH:5
BRF:0
BRH:0
end_of_record
TN:
SF:/Users/johns/Projects/Node.js/molti/src/Model.js
FN:22,Model
FN:29,(anonymous_1)
FN:47,(anonymous_2)
FN:51,(anonymous_3)
FN:55,(anonymous_4)
FN:59,(anonymous_5)
FN:63,(anonymous_6)
FN:74,(anonymous_7)
FN:82,(anonymous_8)
FN:91,(anonymous_9)
FN:92,(anonymous_10)
FN:99,(anonymous_11)
FN:108,(anonymous_12)
FN:112,(anonymous_13)
FN:133,(anonymous_14)
FN:137,(anonymous_15)
FN:147,(anonymous_16)
FN:153,(anonymous_17)
FN:154,(anonymous_18)
FN:162,(anonymous_19)
FNF:20
FNH:20
FNDA:6,Model
FNDA:19,(anonymous_1)
FNDA:1,(anonymous_2)
FNDA:1,(anonymous_3)
FNDA:1,(anonymous_4)
FNDA:12,(anonymous_5)
FNDA:2,(anonymous_6)
FNDA:8,(anonymous_7)
FNDA:6,(anonymous_8)
FNDA:6,(anonymous_9)
FNDA:5,(anonymous_10)
FNDA:2,(anonymous_11)
FNDA:3,(anonymous_12)
FNDA:4,(anonymous_13)
FNDA:1,(anonymous_14)
FNDA:2,(anonymous_15)
FNDA:19,(anonymous_16)
FNDA:21,(anonymous_17)
FNDA:3,(anonymous_18)
FNDA:5,(anonymous_19)
DA:1,1
DA:2,1
DA:3,1
DA:4,1
DA:6,1
DA:7,1
DA:9,1
DA:23,6
DA:24,6
DA:25,5
DA:30,19
DA:34,19
DA:35,19
DA:37,19
DA:38,3
DA:41,16
DA:44,16
DA:48,1
DA:52,1
DA:56,1
DA:60,12
DA:64,2
DA:65,2
DA:66,1
DA:67,1
DA:68,1
DA:70,1
DA:75,8
DA:76,8
DA:77,2
DA:79,8
DA:83,6
DA:85,6
DA:86,3
DA:87,3
DA:88,2
DA:91,6
DA:93,5
DA:94,5
DA:95,5
DA:100,2
DA:101,1
DA:103,1
DA:109,3
DA:113,4
DA:114,1
DA:117,3
DA:118,1
DA:122,1
DA:124,2
DA:125,2
DA:126,2
DA:127,2
DA:129,2
DA:134,1
DA:138,2
DA:140,2
DA:141,1
DA:143,1
DA:148,19
DA:149,19
DA:150,19
DA:152,19
DA:153,35
DA:154,35
DA:155,3
DA:157,3
DA:163,5
DA:164,5
DA:165,5
DA:169,6
DA:172,1
LF:72
LH:72
BRDA:22,0,0,1
BRDA:22,1,0,1
BRDA:22,2,0,1
BRDA:24,3,0,5
BRDA:24,3,1,1
BRDA:37,4,0,3
BRDA:37,4,1,16
BRDA:37,5,0,19
BRDA:37,5,1,4
BRDA:63,6,0,2
BRDA:65,7,0,1
BRDA:65,7,1,1
BRDA:76,8,0,2
BRDA:76,8,1,6
BRDA:82,9,0,1
BRDA:85,10,0,3
BRDA:85,10,1,3
BRDA:87,11,0,2
BRDA:87,11,1,1
BRDA:100,12,0,1
BRDA:100,12,1,1
BRDA:112,13,0,3
BRDA:113,14,0,1
BRDA:113,14,1,3
BRDA:113,15,0,4
BRDA:113,15,1,4
BRDA:117,16,0,1
BRDA:117,16,1,2
BRDA:140,17,0,1
BRDA:140,17,1,1
BRF:30
BRH:30
end_of_record
TN:
SF:/Users/johns/Projects/Node.js/molti/src/ModelLoader.js
FN:19,(anonymous_0)
FN:31,(anonymous_1)
FN:33,(anonymous_2)
FN:43,(anonymous_3)
FN:46,(anonymous_4)
FN:49,(anonymous_5)
FN:51,(anonymous_6)
FNF:7
FNH:7
FNDA:1,(anonymous_0)
FNDA:1,(anonymous_1)
FNDA:2,(anonymous_2)
FNDA:1,(anonymous_3)
FNDA:2,(anonymous_4)
FNDA:4,(anonymous_5)
FNDA:2,(anonymous_6)
DA:1,1
DA:20,1
DA:21,1
DA:22,1
DA:32,1
DA:33,2
DA:34,1
DA:44,1
DA:46,1
DA:47,2
DA:49,2
DA:50,4
DA:52,2
DA:58,1
DA:63,1
LF:15
LH:15
BRDA:19,0,0,1
BRF:1
BRH:1
end_of_record
TN:
SF:/Users/johns/Projects/Node.js/molti/src/Parameter.js
FN:16,(anonymous_0)
FN:25,(anonymous_1)
FN:38,(anonymous_2)
FN:53,(anonymous_3)
FN:67,(anonymous_4)
FN:80,(anonymous_5)
FN:91,(anonymous_6)
FN:102,(anonymous_7)
FN:113,(anonymous_8)
FN:124,(anonymous_9)
FN:138,(anonymous_10)
FN:149,(anonymous_11)
FN:160,(anonymous_12)
FN:171,(anonymous_13)
FN:182,(anonymous_14)
FN:193,(anonymous_15)
FN:204,(anonymous_16)
FN:208,(anonymous_17)
FN:212,(anonymous_18)
FN:229,(anonymous_19)
FN:233,(anonymous_20)
FN:244,(anonymous_21)
FN:263,(anonymous_22)
FN:277,(anonymous_23)
FN:296,(anonymous_24)
FN:299,(anonymous_25)
FNF:26
FNH:26
FNDA:40,(anonymous_0)
FNDA:2,(anonymous_1)
FNDA:39,(anonymous_2)
FNDA:21,(anonymous_3)
FNDA:13,(anonymous_4)
FNDA:3,(anonymous_5)
FNDA:8,(anonymous_6)
FNDA:4,(anonymous_7)
FNDA:3,(anonymous_8)
FNDA:4,(anonymous_9)
FNDA:7,(anonymous_10)
FNDA:2,(anonymous_11)
FNDA:3,(anonymous_12)
FNDA:4,(anonymous_13)
FNDA:3,(anonymous_14)
FNDA:3,(anonymous_15)
FNDA:1,(anonymous_16)
FNDA:2,(anonymous_17)
FNDA:2,(anonymous_18)
FNDA:8,(anonymous_19)
FNDA:4,(anonymous_20)
FNDA:16,(anonymous_21)
FNDA:4,(anonymous_22)
FNDA:4,(anonymous_23)
FNDA:3,(anonymous_24)
FNDA:6,(anonymous_25)
DA:1,1
DA:17,40
DA:18,40
DA:19,40
DA:20,40
DA:21,40
DA:22,40
DA:26,2
DA:39,39
DA:41,31
DA:42,31
DA:54,21
DA:56,20
DA:57,20
DA:68,13
DA:81,3
DA:92,8
DA:103,4
DA:114,3
DA:125,4
DA:139,7
DA:150,2
DA:161,3
DA:172,4
DA:183,3
DA:194,3
DA:205,1
DA:209,2
DA:213,2
DA:230,8
DA:231,8
DA:234,4
DA:245,16
DA:247,3
DA:250,12
DA:252,1
DA:264,4
DA:266,4
DA:278,4
DA:281,2
DA:284,1
DA:297,3
DA:300,6
DA:301,2
DA:307,4
DA:308,4
DA:310,4
DA:312,2
DA:313,2
DA:315,1
DA:316,1
DA:318,1
DA:319,1
DA:321,4
DA:322,1
DA:327,3
DA:328,3
DA:335,1
LF:58
LH:58
BRDA:16,0,0,36
BRDA:16,1,0,39
BRDA:16,2,0,39
BRDA:16,3,0,39
BRDA:16,4,0,39
BRDA:16,5,0,39
BRDA:26,6,0,2
BRDA:26,6,1,1
BRDA:26,6,2,1
BRDA:39,7,0,8
BRDA:39,7,1,31
BRDA:41,8,0,29
BRDA:41,8,1,2
BRDA:54,9,0,1
BRDA:54,9,1,20
BRDA:218,10,0,1
BRDA:218,10,1,1
BRDA:231,11,0,8
BRDA:231,11,1,5
BRDA:231,11,2,5
BRDA:245,12,0,3
BRDA:245,12,1,3
BRDA:245,12,2,12
BRDA:245,12,3,1
BRDA:266,13,0,2
BRDA:266,13,1,2
BRDA:278,14,0,2
BRDA:278,14,1,2
BRDA:278,14,2,1
BRDA:278,14,3,1
BRDA:297,15,0,2
BRDA:297,15,1,1
BRDA:300,16,0,2
BRDA:300,16,1,4
BRDA:302,17,0,1
BRDA:302,17,1,1
BRDA:310,18,0,2
BRDA:310,18,1,1
BRDA:310,18,2,1
BRDA:321,19,0,1
BRDA:321,19,1,3
BRF:41
BRH:41
end_of_record
TN:
SF:/Users/johns/Projects/Node.js/molti/src/Response.js
FN:17,(anonymous_0)
FN:23,(anonymous_1)
FN:30,(anonymous_2)
FN:44,(anonymous_3)
FN:49,(anonymous_4)
FN:54,(anonymous_5)
FN:59,(anonymous_6)
FN:69,(anonymous_7)
FN:79,(anonymous_8)
FN:89,(anonymous_9)
FN:99,(anonymous_10)
FN:100,(anonymous_11)
FN:104,(anonymous_12)
FNF:13
FNH:13
FNDA:5,(anonymous_0)
FNDA:1,(anonymous_1)
FNDA:3,(anonymous_2)
FNDA:3,(anonymous_3)
FNDA:2,(anonymous_4)
FNDA:1,(anonymous_5)
FNDA:2,(anonymous_6)
FNDA:2,(anonymous_7)
FNDA:4,(anonymous_8)
FNDA:1,(anonymous_9)
FNDA:1,(anonymous_10)
FNDA:1,(anonymous_11)
FNDA:2,(anonymous_12)
DA:18,5
DA:19,5
DA:20,5
DA:24,1
DA:30,1
DA:31,3
DA:32,3
DA:33,3
DA:35,3
DA:41,1
DA:45,3
DA:46,3
DA:50,2
DA:51,2
DA:55,1
DA:56,1
DA:60,2
DA:66,2
DA:70,2
DA:76,2
DA:80,4
DA:86,4
DA:90,1
DA:96,1
DA:100,1
DA:101,1
DA:102,1
DA:104,1
DA:105,2
DA:108,1
DA:113,1
LF:31
LH:31
BRDA:19,0,0,5
BRDA:19,0,1,5
BRDA:33,1,0,2
BRDA:33,1,1,1
BRDA:35,2,0,1
BRDA:35,2,1,2
BRF:6
BRH:6
end_of_record
